2025.02.12 09:20:30 INFO  Started: Metals version 1.5.1 in folders '/home/nicolas/Documents/experiments/2024/experiment-2024-pulverization-prolog-placer' for client Visual Studio Code 1.97.0.[0m
feb 12, 2025 9:20:38 AM org.eclipse.lsp4j.jsonrpc.services.GenericEndpoint notify
AVVERTENZA: Unsupported notification method: metals/windowStateDidChange
feb 12, 2025 9:20:55 AM org.eclipse.lsp4j.jsonrpc.services.GenericEndpoint notify
AVVERTENZA: Unsupported notification method: metals/windowStateDidChange
feb 12, 2025 9:20:56 AM org.eclipse.lsp4j.jsonrpc.services.GenericEndpoint notify
INFORMAZIONI: Unsupported notification method: $/setTrace
feb 12, 2025 9:21:14 AM org.eclipse.lsp4j.jsonrpc.services.GenericEndpoint notify
AVVERTENZA: Unsupported notification method: metals/windowStateDidChange
feb 12, 2025 9:21:20 AM org.eclipse.lsp4j.jsonrpc.services.GenericEndpoint notify
AVVERTENZA: Unsupported notification method: metals/windowStateDidChange
feb 12, 2025 9:21:23 AM org.eclipse.lsp4j.jsonrpc.services.GenericEndpoint notify
INFORMAZIONI: Unsupported notification method: $/setTrace
feb 12, 2025 9:24:24 AM org.eclipse.lsp4j.jsonrpc.services.GenericEndpoint notify
AVVERTENZA: Unsupported notification method: metals/windowStateDidChange
feb 12, 2025 9:24:41 AM org.eclipse.lsp4j.jsonrpc.services.GenericEndpoint notify
AVVERTENZA: Unsupported notification method: metals/windowStateDidChange
feb 12, 2025 9:24:46 AM org.eclipse.lsp4j.jsonrpc.services.GenericEndpoint notify
AVVERTENZA: Unsupported notification method: metals/windowStateDidChange
feb 12, 2025 9:25:19 AM org.eclipse.lsp4j.jsonrpc.services.GenericEndpoint notify
AVVERTENZA: Unsupported notification method: metals/windowStateDidChange
feb 12, 2025 9:26:05 AM org.eclipse.lsp4j.jsonrpc.services.GenericEndpoint notify
AVVERTENZA: Unsupported notification method: metals/windowStateDidChange
feb 12, 2025 9:26:12 AM org.eclipse.lsp4j.jsonrpc.services.GenericEndpoint notify
AVVERTENZA: Unsupported notification method: metals/windowStateDidChange
feb 12, 2025 9:28:00 AM org.eclipse.lsp4j.jsonrpc.services.GenericEndpoint notify
AVVERTENZA: Unsupported notification method: metals/windowStateDidChange
feb 12, 2025 9:28:19 AM org.eclipse.lsp4j.jsonrpc.services.GenericEndpoint notify
AVVERTENZA: Unsupported notification method: metals/windowStateDidChange
feb 12, 2025 9:28:54 AM org.eclipse.lsp4j.jsonrpc.services.GenericEndpoint notify
AVVERTENZA: Unsupported notification method: metals/windowStateDidChange
feb 12, 2025 9:29:22 AM org.eclipse.lsp4j.jsonrpc.services.GenericEndpoint notify
AVVERTENZA: Unsupported notification method: metals/windowStateDidChange
feb 12, 2025 9:29:27 AM org.eclipse.lsp4j.jsonrpc.services.GenericEndpoint notify
AVVERTENZA: Unsupported notification method: metals/windowStateDidChange
feb 12, 2025 9:29:27 AM org.eclipse.lsp4j.jsonrpc.services.GenericEndpoint notify
AVVERTENZA: Unsupported notification method: metals/windowStateDidChange
feb 12, 2025 9:32:42 AM org.eclipse.lsp4j.jsonrpc.services.GenericEndpoint notify
AVVERTENZA: Unsupported notification method: metals/windowStateDidChange
feb 12, 2025 9:32:50 AM org.eclipse.lsp4j.jsonrpc.services.GenericEndpoint notify
AVVERTENZA: Unsupported notification method: metals/windowStateDidChange
feb 12, 2025 9:34:46 AM org.eclipse.lsp4j.jsonrpc.services.GenericEndpoint notify
AVVERTENZA: Unsupported notification method: metals/windowStateDidChange
feb 12, 2025 9:35:45 AM org.eclipse.lsp4j.jsonrpc.services.GenericEndpoint notify
AVVERTENZA: Unsupported notification method: metals/windowStateDidChange
feb 12, 2025 9:37:36 AM org.eclipse.lsp4j.jsonrpc.services.GenericEndpoint notify
AVVERTENZA: Unsupported notification method: metals/windowStateDidChange
feb 12, 2025 9:37:36 AM org.eclipse.lsp4j.jsonrpc.services.GenericEndpoint notify
AVVERTENZA: Unsupported notification method: metals/windowStateDidChange
feb 12, 2025 9:39:24 AM org.eclipse.lsp4j.jsonrpc.services.GenericEndpoint notify
AVVERTENZA: Unsupported notification method: metals/windowStateDidChange
feb 12, 2025 9:39:26 AM org.eclipse.lsp4j.jsonrpc.services.GenericEndpoint notify
AVVERTENZA: Unsupported notification method: metals/windowStateDidChange
feb 12, 2025 9:39:38 AM org.eclipse.lsp4j.jsonrpc.services.GenericEndpoint notify
AVVERTENZA: Unsupported notification method: metals/windowStateDidChange
feb 12, 2025 9:40:16 AM org.eclipse.lsp4j.jsonrpc.services.GenericEndpoint notify
AVVERTENZA: Unsupported notification method: metals/windowStateDidChange
feb 12, 2025 9:40:52 AM org.eclipse.lsp4j.jsonrpc.services.GenericEndpoint notify
AVVERTENZA: Unsupported notification method: metals/windowStateDidChange
feb 12, 2025 9:40:52 AM org.eclipse.lsp4j.jsonrpc.services.GenericEndpoint notify
AVVERTENZA: Unsupported notification method: metals/windowStateDidChange
feb 12, 2025 9:41:55 AM org.eclipse.lsp4j.jsonrpc.services.GenericEndpoint notify
AVVERTENZA: Unsupported notification method: metals/windowStateDidChange
feb 12, 2025 9:42:03 AM org.eclipse.lsp4j.jsonrpc.services.GenericEndpoint notify
AVVERTENZA: Unsupported notification method: metals/windowStateDidChange
feb 12, 2025 9:44:32 AM org.eclipse.lsp4j.jsonrpc.services.GenericEndpoint notify
AVVERTENZA: Unsupported notification method: metals/windowStateDidChange
feb 12, 2025 9:45:07 AM org.eclipse.lsp4j.jsonrpc.services.GenericEndpoint notify
AVVERTENZA: Unsupported notification method: metals/windowStateDidChange
feb 12, 2025 9:46:30 AM org.eclipse.lsp4j.jsonrpc.services.GenericEndpoint notify
AVVERTENZA: Unsupported notification method: metals/windowStateDidChange
feb 12, 2025 9:47:17 AM org.eclipse.lsp4j.jsonrpc.services.GenericEndpoint notify
AVVERTENZA: Unsupported notification method: metals/windowStateDidChange
feb 12, 2025 10:05:48 AM org.eclipse.lsp4j.jsonrpc.services.GenericEndpoint notify
AVVERTENZA: Unsupported notification method: metals/windowStateDidChange
feb 12, 2025 10:05:51 AM org.eclipse.lsp4j.jsonrpc.services.GenericEndpoint notify
AVVERTENZA: Unsupported notification method: metals/windowStateDidChange
feb 12, 2025 10:06:48 AM org.eclipse.lsp4j.jsonrpc.services.GenericEndpoint notify
AVVERTENZA: Unsupported notification method: metals/windowStateDidChange
feb 12, 2025 10:07:01 AM org.eclipse.lsp4j.jsonrpc.services.GenericEndpoint notify
AVVERTENZA: Unsupported notification method: metals/windowStateDidChange
feb 12, 2025 10:33:54 AM org.eclipse.lsp4j.jsonrpc.services.GenericEndpoint notify
AVVERTENZA: Unsupported notification method: metals/windowStateDidChange
feb 12, 2025 10:34:00 AM org.eclipse.lsp4j.jsonrpc.services.GenericEndpoint notify
AVVERTENZA: Unsupported notification method: metals/windowStateDidChange
feb 12, 2025 10:34:01 AM org.eclipse.lsp4j.jsonrpc.services.GenericEndpoint notify
AVVERTENZA: Unsupported notification method: metals/windowStateDidChange
feb 12, 2025 10:34:01 AM org.eclipse.lsp4j.jsonrpc.services.GenericEndpoint notify
AVVERTENZA: Unsupported notification method: metals/windowStateDidChange
feb 12, 2025 10:34:11 AM org.eclipse.lsp4j.jsonrpc.services.GenericEndpoint notify
AVVERTENZA: Unsupported notification method: metals/windowStateDidChange
feb 12, 2025 10:34:19 AM org.eclipse.lsp4j.jsonrpc.services.GenericEndpoint notify
AVVERTENZA: Unsupported notification method: metals/windowStateDidChange
feb 12, 2025 10:34:40 AM org.eclipse.lsp4j.jsonrpc.services.GenericEndpoint notify
AVVERTENZA: Unsupported notification method: metals/windowStateDidChange
feb 12, 2025 10:34:41 AM org.eclipse.lsp4j.jsonrpc.services.GenericEndpoint notify
AVVERTENZA: Unsupported notification method: metals/windowStateDidChange
feb 12, 2025 10:35:08 AM org.eclipse.lsp4j.jsonrpc.services.GenericEndpoint notify
AVVERTENZA: Unsupported notification method: metals/windowStateDidChange
feb 12, 2025 10:35:40 AM org.eclipse.lsp4j.jsonrpc.services.GenericEndpoint notify
AVVERTENZA: Unsupported notification method: metals/windowStateDidChange
feb 12, 2025 10:57:41 AM org.eclipse.lsp4j.jsonrpc.services.GenericEndpoint notify
AVVERTENZA: Unsupported notification method: metals/windowStateDidChange
feb 12, 2025 10:57:42 AM org.eclipse.lsp4j.jsonrpc.services.GenericEndpoint notify
AVVERTENZA: Unsupported notification method: metals/windowStateDidChange
feb 12, 2025 11:00:22 AM org.eclipse.lsp4j.jsonrpc.services.GenericEndpoint notify
AVVERTENZA: Unsupported notification method: metals/windowStateDidChange
feb 12, 2025 11:02:05 AM org.eclipse.lsp4j.jsonrpc.services.GenericEndpoint notify
AVVERTENZA: Unsupported notification method: metals/windowStateDidChange
feb 12, 2025 11:03:02 AM org.eclipse.lsp4j.jsonrpc.services.GenericEndpoint notify
AVVERTENZA: Unsupported notification method: metals/windowStateDidChange
feb 12, 2025 11:03:10 AM org.eclipse.lsp4j.jsonrpc.services.GenericEndpoint notify
AVVERTENZA: Unsupported notification method: metals/windowStateDidChange
feb 12, 2025 11:03:51 AM org.eclipse.lsp4j.jsonrpc.services.GenericEndpoint notify
AVVERTENZA: Unsupported notification method: metals/windowStateDidChange
feb 12, 2025 11:04:06 AM org.eclipse.lsp4j.jsonrpc.services.GenericEndpoint notify
AVVERTENZA: Unsupported notification method: metals/windowStateDidChange
feb 12, 2025 11:05:25 AM org.eclipse.lsp4j.jsonrpc.services.GenericEndpoint notify
AVVERTENZA: Unsupported notification method: metals/windowStateDidChange
feb 12, 2025 11:05:37 AM org.eclipse.lsp4j.jsonrpc.services.GenericEndpoint notify
AVVERTENZA: Unsupported notification method: metals/windowStateDidChange
feb 12, 2025 11:06:10 AM org.eclipse.lsp4j.jsonrpc.services.GenericEndpoint notify
AVVERTENZA: Unsupported notification method: metals/windowStateDidChange
feb 12, 2025 11:06:57 AM org.eclipse.lsp4j.jsonrpc.services.GenericEndpoint notify
AVVERTENZA: Unsupported notification method: metals/windowStateDidChange
feb 12, 2025 11:07:27 AM org.eclipse.lsp4j.jsonrpc.services.GenericEndpoint notify
AVVERTENZA: Unsupported notification method: metals/windowStateDidChange
feb 12, 2025 11:07:30 AM org.eclipse.lsp4j.jsonrpc.services.GenericEndpoint notify
AVVERTENZA: Unsupported notification method: metals/windowStateDidChange
feb 12, 2025 11:09:10 AM org.eclipse.lsp4j.jsonrpc.services.GenericEndpoint notify
AVVERTENZA: Unsupported notification method: metals/windowStateDidChange
feb 12, 2025 11:09:28 AM org.eclipse.lsp4j.jsonrpc.services.GenericEndpoint notify
AVVERTENZA: Unsupported notification method: metals/windowStateDidChange
feb 12, 2025 11:09:43 AM org.eclipse.lsp4j.jsonrpc.services.GenericEndpoint notify
AVVERTENZA: Unsupported notification method: metals/windowStateDidChange
feb 12, 2025 11:09:52 AM org.eclipse.lsp4j.jsonrpc.services.GenericEndpoint notify
AVVERTENZA: Unsupported notification method: metals/windowStateDidChange
feb 12, 2025 11:10:45 AM org.eclipse.lsp4j.jsonrpc.services.GenericEndpoint notify
AVVERTENZA: Unsupported notification method: metals/windowStateDidChange
feb 12, 2025 11:11:15 AM org.eclipse.lsp4j.jsonrpc.services.GenericEndpoint notify
AVVERTENZA: Unsupported notification method: metals/windowStateDidChange
feb 12, 2025 11:11:17 AM org.eclipse.lsp4j.jsonrpc.services.GenericEndpoint notify
AVVERTENZA: Unsupported notification method: metals/windowStateDidChange
feb 12, 2025 11:11:17 AM org.eclipse.lsp4j.jsonrpc.services.GenericEndpoint notify
AVVERTENZA: Unsupported notification method: metals/windowStateDidChange
feb 12, 2025 11:12:08 AM org.eclipse.lsp4j.jsonrpc.services.GenericEndpoint notify
AVVERTENZA: Unsupported notification method: metals/windowStateDidChange
feb 12, 2025 11:12:57 AM org.eclipse.lsp4j.jsonrpc.services.GenericEndpoint notify
AVVERTENZA: Unsupported notification method: metals/windowStateDidChange
2025.02.12 11:49:19 INFO  Started: Metals version 1.5.1 in folders '/home/nicolas/Documents/experiments/2024/experiment-2024-pulverization-prolog-placer' for client Visual Studio Code 1.97.0.
feb 12, 2025 11:49:21 AM org.eclipse.lsp4j.jsonrpc.services.GenericEndpoint notify
INFORMAZIONI: Unsupported notification method: $/setTrace
feb 12, 2025 11:49:25 AM org.eclipse.lsp4j.jsonrpc.services.GenericEndpoint notify
INFORMAZIONI: Unsupported notification method: $/setTrace
feb 12, 2025 11:50:26 AM org.eclipse.lsp4j.jsonrpc.services.GenericEndpoint notify
AVVERTENZA: Unsupported notification method: metals/windowStateDidChange
feb 12, 2025 11:50:45 AM org.eclipse.lsp4j.jsonrpc.services.GenericEndpoint notify
AVVERTENZA: Unsupported notification method: metals/windowStateDidChange
feb 12, 2025 11:50:45 AM org.eclipse.lsp4j.jsonrpc.services.GenericEndpoint notify
AVVERTENZA: Unsupported notification method: metals/windowStateDidChange
feb 12, 2025 11:50:46 AM org.eclipse.lsp4j.jsonrpc.services.GenericEndpoint notify
AVVERTENZA: Unsupported notification method: metals/windowStateDidChange
feb 12, 2025 11:50:47 AM org.eclipse.lsp4j.jsonrpc.services.GenericEndpoint notify
AVVERTENZA: Unsupported notification method: metals/windowStateDidChange
feb 12, 2025 11:51:55 AM org.eclipse.lsp4j.jsonrpc.services.GenericEndpoint notify
AVVERTENZA: Unsupported notification method: metals/windowStateDidChange
feb 12, 2025 1:54:04 PM org.eclipse.lsp4j.jsonrpc.services.GenericEndpoint notify
AVVERTENZA: Unsupported notification method: metals/windowStateDidChange
feb 12, 2025 1:54:07 PM org.eclipse.lsp4j.jsonrpc.services.GenericEndpoint notify
AVVERTENZA: Unsupported notification method: metals/windowStateDidChange
feb 12, 2025 1:55:29 PM org.eclipse.lsp4j.jsonrpc.services.GenericEndpoint notify
AVVERTENZA: Unsupported notification method: metals/windowStateDidChange
feb 12, 2025 1:55:47 PM org.eclipse.lsp4j.jsonrpc.services.GenericEndpoint notify
AVVERTENZA: Unsupported notification method: metals/windowStateDidChange
feb 12, 2025 3:21:03 PM org.eclipse.lsp4j.jsonrpc.services.GenericEndpoint notify
AVVERTENZA: Unsupported notification method: metals/windowStateDidChange
feb 12, 2025 3:21:06 PM org.eclipse.lsp4j.jsonrpc.services.GenericEndpoint notify
AVVERTENZA: Unsupported notification method: metals/windowStateDidChange
feb 12, 2025 3:21:10 PM org.eclipse.lsp4j.jsonrpc.services.GenericEndpoint notify
AVVERTENZA: Unsupported notification method: metals/windowStateDidChange
feb 12, 2025 3:22:16 PM org.eclipse.lsp4j.jsonrpc.services.GenericEndpoint notify
AVVERTENZA: Unsupported notification method: metals/windowStateDidChange
feb 12, 2025 3:45:38 PM org.eclipse.lsp4j.jsonrpc.services.GenericEndpoint notify
AVVERTENZA: Unsupported notification method: metals/windowStateDidChange
feb 12, 2025 3:45:48 PM org.eclipse.lsp4j.jsonrpc.services.GenericEndpoint notify
AVVERTENZA: Unsupported notification method: metals/windowStateDidChange
feb 12, 2025 3:48:08 PM org.eclipse.lsp4j.jsonrpc.services.GenericEndpoint notify
AVVERTENZA: Unsupported notification method: metals/windowStateDidChange
feb 12, 2025 3:48:08 PM org.eclipse.lsp4j.jsonrpc.services.GenericEndpoint notify
AVVERTENZA: Unsupported notification method: metals/windowStateDidChange
feb 12, 2025 3:48:35 PM org.eclipse.lsp4j.jsonrpc.services.GenericEndpoint notify
AVVERTENZA: Unsupported notification method: metals/windowStateDidChange
feb 12, 2025 3:48:37 PM org.eclipse.lsp4j.jsonrpc.services.GenericEndpoint notify
AVVERTENZA: Unsupported notification method: metals/windowStateDidChange
feb 12, 2025 3:49:48 PM org.eclipse.lsp4j.jsonrpc.services.GenericEndpoint notify
AVVERTENZA: Unsupported notification method: metals/windowStateDidChange
feb 12, 2025 3:54:53 PM org.eclipse.lsp4j.jsonrpc.services.GenericEndpoint notify
AVVERTENZA: Unsupported notification method: metals/windowStateDidChange
feb 12, 2025 3:59:05 PM org.eclipse.lsp4j.jsonrpc.services.GenericEndpoint notify
AVVERTENZA: Unsupported notification method: metals/windowStateDidChange
feb 12, 2025 4:01:49 PM org.eclipse.lsp4j.jsonrpc.services.GenericEndpoint notify
AVVERTENZA: Unsupported notification method: metals/windowStateDidChange
feb 12, 2025 11:49:38 PM org.eclipse.lsp4j.jsonrpc.services.GenericEndpoint notify
INFORMAZIONI: Unsupported notification method: $/setTrace
feb 13, 2025 10:36:51 AM org.eclipse.lsp4j.jsonrpc.services.GenericEndpoint notify
AVVERTENZA: Unsupported notification method: metals/windowStateDidChange
feb 13, 2025 10:36:54 AM org.eclipse.lsp4j.jsonrpc.services.GenericEndpoint notify
AVVERTENZA: Unsupported notification method: metals/windowStateDidChange
feb 13, 2025 10:37:57 AM org.eclipse.lsp4j.jsonrpc.services.GenericEndpoint notify
AVVERTENZA: Unsupported notification method: metals/windowStateDidChange
feb 13, 2025 10:38:34 AM org.eclipse.lsp4j.jsonrpc.services.GenericEndpoint notify
AVVERTENZA: Unsupported notification method: metals/windowStateDidChange
feb 13, 2025 10:38:37 AM org.eclipse.lsp4j.jsonrpc.services.GenericEndpoint notify
AVVERTENZA: Unsupported notification method: metals/windowStateDidChange
feb 13, 2025 10:39:30 AM org.eclipse.lsp4j.jsonrpc.services.GenericEndpoint notify
AVVERTENZA: Unsupported notification method: metals/windowStateDidChange
feb 13, 2025 10:40:10 AM org.eclipse.lsp4j.jsonrpc.services.GenericEndpoint notify
AVVERTENZA: Unsupported notification method: metals/windowStateDidChange
feb 13, 2025 10:40:22 AM org.eclipse.lsp4j.jsonrpc.services.GenericEndpoint notify
AVVERTENZA: Unsupported notification method: metals/windowStateDidChange
feb 13, 2025 10:40:59 AM org.eclipse.lsp4j.jsonrpc.services.GenericEndpoint notify
AVVERTENZA: Unsupported notification method: metals/windowStateDidChange
feb 13, 2025 10:41:32 AM org.eclipse.lsp4j.jsonrpc.services.GenericEndpoint notify
AVVERTENZA: Unsupported notification method: metals/windowStateDidChange
feb 13, 2025 10:41:42 AM org.eclipse.lsp4j.jsonrpc.services.GenericEndpoint notify
AVVERTENZA: Unsupported notification method: metals/windowStateDidChange
feb 13, 2025 10:41:42 AM org.eclipse.lsp4j.jsonrpc.services.GenericEndpoint notify
AVVERTENZA: Unsupported notification method: metals/windowStateDidChange
feb 13, 2025 10:41:47 AM org.eclipse.lsp4j.jsonrpc.services.GenericEndpoint notify
AVVERTENZA: Unsupported notification method: metals/windowStateDidChange
feb 13, 2025 10:42:01 AM org.eclipse.lsp4j.jsonrpc.services.GenericEndpoint notify
AVVERTENZA: Unsupported notification method: metals/windowStateDidChange
feb 13, 2025 10:42:28 AM org.eclipse.lsp4j.jsonrpc.services.GenericEndpoint notify
AVVERTENZA: Unsupported notification method: metals/windowStateDidChange
feb 13, 2025 10:42:38 AM org.eclipse.lsp4j.jsonrpc.services.GenericEndpoint notify
AVVERTENZA: Unsupported notification method: metals/windowStateDidChange
feb 13, 2025 10:44:15 AM org.eclipse.lsp4j.jsonrpc.services.GenericEndpoint notify
AVVERTENZA: Unsupported notification method: metals/windowStateDidChange
feb 13, 2025 10:44:51 AM org.eclipse.lsp4j.jsonrpc.services.GenericEndpoint notify
AVVERTENZA: Unsupported notification method: metals/windowStateDidChange
feb 13, 2025 10:47:31 AM org.eclipse.lsp4j.jsonrpc.services.GenericEndpoint notify
AVVERTENZA: Unsupported notification method: metals/windowStateDidChange
feb 13, 2025 10:47:34 AM org.eclipse.lsp4j.jsonrpc.services.GenericEndpoint notify
AVVERTENZA: Unsupported notification method: metals/windowStateDidChange
feb 13, 2025 10:50:17 AM org.eclipse.lsp4j.jsonrpc.services.GenericEndpoint notify
AVVERTENZA: Unsupported notification method: metals/windowStateDidChange
feb 13, 2025 10:50:57 AM org.eclipse.lsp4j.jsonrpc.services.GenericEndpoint notify
AVVERTENZA: Unsupported notification method: metals/windowStateDidChange
feb 13, 2025 11:36:21 AM org.eclipse.lsp4j.jsonrpc.services.GenericEndpoint notify
AVVERTENZA: Unsupported notification method: metals/windowStateDidChange
feb 13, 2025 11:36:24 AM org.eclipse.lsp4j.jsonrpc.services.GenericEndpoint notify
AVVERTENZA: Unsupported notification method: metals/windowStateDidChange
feb 13, 2025 11:36:26 AM org.eclipse.lsp4j.jsonrpc.services.GenericEndpoint notify
AVVERTENZA: Unsupported notification method: metals/windowStateDidChange
feb 13, 2025 11:36:26 AM org.eclipse.lsp4j.jsonrpc.services.GenericEndpoint notify
AVVERTENZA: Unsupported notification method: metals/windowStateDidChange
feb 13, 2025 11:38:47 AM org.eclipse.lsp4j.jsonrpc.services.GenericEndpoint notify
AVVERTENZA: Unsupported notification method: metals/windowStateDidChange
feb 13, 2025 11:39:04 AM org.eclipse.lsp4j.jsonrpc.services.GenericEndpoint notify
AVVERTENZA: Unsupported notification method: metals/windowStateDidChange
feb 13, 2025 11:52:05 AM org.eclipse.lsp4j.jsonrpc.services.GenericEndpoint notify
AVVERTENZA: Unsupported notification method: metals/windowStateDidChange
feb 13, 2025 11:52:05 AM org.eclipse.lsp4j.jsonrpc.services.GenericEndpoint notify
AVVERTENZA: Unsupported notification method: metals/windowStateDidChange
feb 13, 2025 12:32:39 PM org.eclipse.lsp4j.jsonrpc.services.GenericEndpoint notify
AVVERTENZA: Unsupported notification method: metals/windowStateDidChange
feb 13, 2025 12:32:42 PM org.eclipse.lsp4j.jsonrpc.services.GenericEndpoint notify
AVVERTENZA: Unsupported notification method: metals/windowStateDidChange
feb 13, 2025 12:32:43 PM org.eclipse.lsp4j.jsonrpc.services.GenericEndpoint notify
AVVERTENZA: Unsupported notification method: metals/windowStateDidChange
feb 13, 2025 12:32:45 PM org.eclipse.lsp4j.jsonrpc.services.GenericEndpoint notify
AVVERTENZA: Unsupported notification method: metals/windowStateDidChange
feb 13, 2025 12:32:47 PM org.eclipse.lsp4j.jsonrpc.services.GenericEndpoint notify
AVVERTENZA: Unsupported notification method: metals/windowStateDidChange
feb 13, 2025 12:32:47 PM org.eclipse.lsp4j.jsonrpc.services.GenericEndpoint notify
AVVERTENZA: Unsupported notification method: metals/windowStateDidChange
feb 13, 2025 12:33:19 PM org.eclipse.lsp4j.jsonrpc.services.GenericEndpoint notify
AVVERTENZA: Unsupported notification method: metals/windowStateDidChange
feb 13, 2025 12:33:42 PM org.eclipse.lsp4j.jsonrpc.services.GenericEndpoint notify
AVVERTENZA: Unsupported notification method: metals/windowStateDidChange
feb 13, 2025 12:34:55 PM org.eclipse.lsp4j.jsonrpc.services.GenericEndpoint notify
AVVERTENZA: Unsupported notification method: metals/windowStateDidChange
feb 13, 2025 12:35:21 PM org.eclipse.lsp4j.jsonrpc.services.GenericEndpoint notify
AVVERTENZA: Unsupported notification method: metals/windowStateDidChange
feb 13, 2025 2:40:14 PM org.eclipse.lsp4j.jsonrpc.services.GenericEndpoint notify
AVVERTENZA: Unsupported notification method: metals/windowStateDidChange
feb 13, 2025 2:40:17 PM org.eclipse.lsp4j.jsonrpc.services.GenericEndpoint notify
AVVERTENZA: Unsupported notification method: metals/windowStateDidChange
feb 13, 2025 2:40:18 PM org.eclipse.lsp4j.jsonrpc.services.GenericEndpoint notify
AVVERTENZA: Unsupported notification method: metals/windowStateDidChange
feb 13, 2025 2:40:18 PM org.eclipse.lsp4j.jsonrpc.services.GenericEndpoint notify
AVVERTENZA: Unsupported notification method: metals/windowStateDidChange
feb 13, 2025 2:40:37 PM org.eclipse.lsp4j.jsonrpc.services.GenericEndpoint notify
AVVERTENZA: Unsupported notification method: metals/windowStateDidChange
feb 13, 2025 2:41:19 PM org.eclipse.lsp4j.jsonrpc.services.GenericEndpoint notify
AVVERTENZA: Unsupported notification method: metals/windowStateDidChange
feb 13, 2025 2:42:59 PM org.eclipse.lsp4j.jsonrpc.services.GenericEndpoint notify
AVVERTENZA: Unsupported notification method: metals/windowStateDidChange
feb 13, 2025 2:44:00 PM org.eclipse.lsp4j.jsonrpc.services.GenericEndpoint notify
AVVERTENZA: Unsupported notification method: metals/windowStateDidChange
feb 13, 2025 2:44:28 PM org.eclipse.lsp4j.jsonrpc.services.GenericEndpoint notify
AVVERTENZA: Unsupported notification method: metals/windowStateDidChange
feb 13, 2025 2:44:28 PM org.eclipse.lsp4j.jsonrpc.services.GenericEndpoint notify
AVVERTENZA: Unsupported notification method: metals/windowStateDidChange
feb 13, 2025 2:46:38 PM org.eclipse.lsp4j.jsonrpc.services.GenericEndpoint notify
AVVERTENZA: Unsupported notification method: metals/windowStateDidChange
feb 13, 2025 2:46:46 PM org.eclipse.lsp4j.jsonrpc.services.GenericEndpoint notify
AVVERTENZA: Unsupported notification method: metals/windowStateDidChange
feb 13, 2025 2:47:29 PM org.eclipse.lsp4j.jsonrpc.services.GenericEndpoint notify
AVVERTENZA: Unsupported notification method: metals/windowStateDidChange
feb 13, 2025 2:47:56 PM org.eclipse.lsp4j.jsonrpc.services.GenericEndpoint notify
AVVERTENZA: Unsupported notification method: metals/windowStateDidChange
feb 13, 2025 2:48:00 PM org.eclipse.lsp4j.jsonrpc.services.GenericEndpoint notify
AVVERTENZA: Unsupported notification method: metals/windowStateDidChange
feb 13, 2025 2:48:03 PM org.eclipse.lsp4j.jsonrpc.services.GenericEndpoint notify
AVVERTENZA: Unsupported notification method: metals/windowStateDidChange
feb 13, 2025 2:49:13 PM org.eclipse.lsp4j.jsonrpc.services.GenericEndpoint notify
AVVERTENZA: Unsupported notification method: metals/windowStateDidChange
feb 13, 2025 2:49:27 PM org.eclipse.lsp4j.jsonrpc.services.GenericEndpoint notify
AVVERTENZA: Unsupported notification method: metals/windowStateDidChange
feb 13, 2025 2:51:13 PM org.eclipse.lsp4j.jsonrpc.services.GenericEndpoint notify
AVVERTENZA: Unsupported notification method: metals/windowStateDidChange
feb 13, 2025 2:51:14 PM org.eclipse.lsp4j.jsonrpc.services.GenericEndpoint notify
AVVERTENZA: Unsupported notification method: metals/windowStateDidChange
feb 13, 2025 2:53:17 PM org.eclipse.lsp4j.jsonrpc.services.GenericEndpoint notify
AVVERTENZA: Unsupported notification method: metals/windowStateDidChange
feb 13, 2025 2:53:33 PM org.eclipse.lsp4j.jsonrpc.services.GenericEndpoint notify
AVVERTENZA: Unsupported notification method: metals/windowStateDidChange
feb 13, 2025 2:53:39 PM org.eclipse.lsp4j.jsonrpc.services.GenericEndpoint notify
AVVERTENZA: Unsupported notification method: metals/windowStateDidChange
feb 13, 2025 2:54:35 PM org.eclipse.lsp4j.jsonrpc.services.GenericEndpoint notify
AVVERTENZA: Unsupported notification method: metals/windowStateDidChange
feb 13, 2025 2:54:45 PM org.eclipse.lsp4j.jsonrpc.services.GenericEndpoint notify
AVVERTENZA: Unsupported notification method: metals/windowStateDidChange
feb 13, 2025 2:55:45 PM org.eclipse.lsp4j.jsonrpc.services.GenericEndpoint notify
AVVERTENZA: Unsupported notification method: metals/windowStateDidChange
feb 13, 2025 2:58:30 PM org.eclipse.lsp4j.jsonrpc.services.GenericEndpoint notify
AVVERTENZA: Unsupported notification method: metals/windowStateDidChange
feb 13, 2025 2:58:31 PM org.eclipse.lsp4j.jsonrpc.services.GenericEndpoint notify
AVVERTENZA: Unsupported notification method: metals/windowStateDidChange
feb 13, 2025 2:59:13 PM org.eclipse.lsp4j.jsonrpc.services.GenericEndpoint notify
AVVERTENZA: Unsupported notification method: metals/windowStateDidChange
feb 13, 2025 3:00:11 PM org.eclipse.lsp4j.jsonrpc.services.GenericEndpoint notify
AVVERTENZA: Unsupported notification method: metals/windowStateDidChange
feb 13, 2025 3:00:30 PM org.eclipse.lsp4j.jsonrpc.services.GenericEndpoint notify
AVVERTENZA: Unsupported notification method: metals/windowStateDidChange
feb 13, 2025 3:00:32 PM org.eclipse.lsp4j.jsonrpc.services.GenericEndpoint notify
AVVERTENZA: Unsupported notification method: metals/windowStateDidChange
feb 13, 2025 3:01:26 PM org.eclipse.lsp4j.jsonrpc.services.GenericEndpoint notify
AVVERTENZA: Unsupported notification method: metals/windowStateDidChange
feb 13, 2025 3:01:35 PM org.eclipse.lsp4j.jsonrpc.services.GenericEndpoint notify
AVVERTENZA: Unsupported notification method: metals/windowStateDidChange
feb 13, 2025 3:02:12 PM org.eclipse.lsp4j.jsonrpc.services.GenericEndpoint notify
AVVERTENZA: Unsupported notification method: metals/windowStateDidChange
feb 13, 2025 3:02:14 PM org.eclipse.lsp4j.jsonrpc.services.GenericEndpoint notify
AVVERTENZA: Unsupported notification method: metals/windowStateDidChange
feb 13, 2025 3:02:40 PM org.eclipse.lsp4j.jsonrpc.services.GenericEndpoint notify
AVVERTENZA: Unsupported notification method: metals/windowStateDidChange
feb 13, 2025 3:02:40 PM org.eclipse.lsp4j.jsonrpc.services.GenericEndpoint notify
AVVERTENZA: Unsupported notification method: metals/windowStateDidChange
feb 13, 2025 3:04:01 PM org.eclipse.lsp4j.jsonrpc.services.GenericEndpoint notify
AVVERTENZA: Unsupported notification method: metals/windowStateDidChange
feb 13, 2025 3:04:17 PM org.eclipse.lsp4j.jsonrpc.services.GenericEndpoint notify
AVVERTENZA: Unsupported notification method: metals/windowStateDidChange
feb 13, 2025 3:04:29 PM org.eclipse.lsp4j.jsonrpc.services.GenericEndpoint notify
AVVERTENZA: Unsupported notification method: metals/windowStateDidChange
feb 13, 2025 3:04:48 PM org.eclipse.lsp4j.jsonrpc.services.GenericEndpoint notify
AVVERTENZA: Unsupported notification method: metals/windowStateDidChange
feb 13, 2025 3:04:50 PM org.eclipse.lsp4j.jsonrpc.services.GenericEndpoint notify
AVVERTENZA: Unsupported notification method: metals/windowStateDidChange
feb 13, 2025 3:05:09 PM org.eclipse.lsp4j.jsonrpc.services.GenericEndpoint notify
AVVERTENZA: Unsupported notification method: metals/windowStateDidChange
feb 13, 2025 3:05:19 PM org.eclipse.lsp4j.jsonrpc.services.GenericEndpoint notify
AVVERTENZA: Unsupported notification method: metals/windowStateDidChange
feb 13, 2025 3:05:49 PM org.eclipse.lsp4j.jsonrpc.services.GenericEndpoint notify
AVVERTENZA: Unsupported notification method: metals/windowStateDidChange
feb 13, 2025 3:05:49 PM org.eclipse.lsp4j.jsonrpc.services.GenericEndpoint notify
AVVERTENZA: Unsupported notification method: metals/windowStateDidChange
feb 13, 2025 3:06:19 PM org.eclipse.lsp4j.jsonrpc.services.GenericEndpoint notify
AVVERTENZA: Unsupported notification method: metals/windowStateDidChange
feb 13, 2025 3:08:03 PM org.eclipse.lsp4j.jsonrpc.services.GenericEndpoint notify
AVVERTENZA: Unsupported notification method: metals/windowStateDidChange
feb 13, 2025 3:08:05 PM org.eclipse.lsp4j.jsonrpc.services.GenericEndpoint notify
AVVERTENZA: Unsupported notification method: metals/windowStateDidChange
feb 13, 2025 3:08:58 PM org.eclipse.lsp4j.jsonrpc.services.GenericEndpoint notify
AVVERTENZA: Unsupported notification method: metals/windowStateDidChange
feb 13, 2025 3:09:35 PM org.eclipse.lsp4j.jsonrpc.services.GenericEndpoint notify
AVVERTENZA: Unsupported notification method: metals/windowStateDidChange
feb 13, 2025 3:10:44 PM org.eclipse.lsp4j.jsonrpc.services.GenericEndpoint notify
AVVERTENZA: Unsupported notification method: metals/windowStateDidChange
feb 13, 2025 3:10:53 PM org.eclipse.lsp4j.jsonrpc.services.GenericEndpoint notify
AVVERTENZA: Unsupported notification method: metals/windowStateDidChange
feb 13, 2025 3:12:30 PM org.eclipse.lsp4j.jsonrpc.services.GenericEndpoint notify
AVVERTENZA: Unsupported notification method: metals/windowStateDidChange
feb 13, 2025 3:12:30 PM org.eclipse.lsp4j.jsonrpc.services.GenericEndpoint notify
AVVERTENZA: Unsupported notification method: metals/windowStateDidChange
feb 13, 2025 3:13:21 PM org.eclipse.lsp4j.jsonrpc.services.GenericEndpoint notify
AVVERTENZA: Unsupported notification method: metals/windowStateDidChange
feb 13, 2025 3:13:58 PM org.eclipse.lsp4j.jsonrpc.services.GenericEndpoint notify
AVVERTENZA: Unsupported notification method: metals/windowStateDidChange
feb 13, 2025 3:14:51 PM org.eclipse.lsp4j.jsonrpc.services.GenericEndpoint notify
AVVERTENZA: Unsupported notification method: metals/windowStateDidChange
feb 13, 2025 3:14:58 PM org.eclipse.lsp4j.jsonrpc.services.GenericEndpoint notify
AVVERTENZA: Unsupported notification method: metals/windowStateDidChange
feb 13, 2025 3:15:42 PM org.eclipse.lsp4j.jsonrpc.services.GenericEndpoint notify
AVVERTENZA: Unsupported notification method: metals/windowStateDidChange
feb 13, 2025 3:16:10 PM org.eclipse.lsp4j.jsonrpc.services.GenericEndpoint notify
AVVERTENZA: Unsupported notification method: metals/windowStateDidChange
feb 13, 2025 3:17:04 PM org.eclipse.lsp4j.jsonrpc.services.GenericEndpoint notify
AVVERTENZA: Unsupported notification method: metals/windowStateDidChange
feb 13, 2025 3:17:05 PM org.eclipse.lsp4j.jsonrpc.services.GenericEndpoint notify
AVVERTENZA: Unsupported notification method: metals/windowStateDidChange
feb 13, 2025 3:17:18 PM org.eclipse.lsp4j.jsonrpc.services.GenericEndpoint notify
AVVERTENZA: Unsupported notification method: metals/windowStateDidChange
feb 13, 2025 3:17:29 PM org.eclipse.lsp4j.jsonrpc.services.GenericEndpoint notify
AVVERTENZA: Unsupported notification method: metals/windowStateDidChange
feb 13, 2025 3:18:10 PM org.eclipse.lsp4j.jsonrpc.services.GenericEndpoint notify
AVVERTENZA: Unsupported notification method: metals/windowStateDidChange
feb 13, 2025 3:18:39 PM org.eclipse.lsp4j.jsonrpc.services.GenericEndpoint notify
AVVERTENZA: Unsupported notification method: metals/windowStateDidChange
feb 13, 2025 3:18:45 PM org.eclipse.lsp4j.jsonrpc.services.GenericEndpoint notify
AVVERTENZA: Unsupported notification method: metals/windowStateDidChange
feb 13, 2025 3:18:45 PM org.eclipse.lsp4j.jsonrpc.services.GenericEndpoint notify
AVVERTENZA: Unsupported notification method: metals/windowStateDidChange
feb 13, 2025 3:19:18 PM org.eclipse.lsp4j.jsonrpc.services.GenericEndpoint notify
AVVERTENZA: Unsupported notification method: metals/windowStateDidChange
feb 13, 2025 3:19:55 PM org.eclipse.lsp4j.jsonrpc.services.GenericEndpoint notify
AVVERTENZA: Unsupported notification method: metals/windowStateDidChange
feb 13, 2025 3:21:00 PM org.eclipse.lsp4j.jsonrpc.services.GenericEndpoint notify
AVVERTENZA: Unsupported notification method: metals/windowStateDidChange
feb 13, 2025 3:21:13 PM org.eclipse.lsp4j.jsonrpc.services.GenericEndpoint notify
AVVERTENZA: Unsupported notification method: metals/windowStateDidChange
feb 13, 2025 3:21:26 PM org.eclipse.lsp4j.jsonrpc.services.GenericEndpoint notify
AVVERTENZA: Unsupported notification method: metals/windowStateDidChange
feb 13, 2025 3:21:40 PM org.eclipse.lsp4j.jsonrpc.services.GenericEndpoint notify
AVVERTENZA: Unsupported notification method: metals/windowStateDidChange
feb 13, 2025 3:21:44 PM org.eclipse.lsp4j.jsonrpc.services.GenericEndpoint notify
AVVERTENZA: Unsupported notification method: metals/windowStateDidChange
feb 13, 2025 3:22:04 PM org.eclipse.lsp4j.jsonrpc.services.GenericEndpoint notify
AVVERTENZA: Unsupported notification method: metals/windowStateDidChange
feb 13, 2025 3:22:08 PM org.eclipse.lsp4j.jsonrpc.services.GenericEndpoint notify
AVVERTENZA: Unsupported notification method: metals/windowStateDidChange
feb 13, 2025 3:22:08 PM org.eclipse.lsp4j.jsonrpc.services.GenericEndpoint notify
AVVERTENZA: Unsupported notification method: metals/windowStateDidChange
feb 13, 2025 3:25:41 PM org.eclipse.lsp4j.jsonrpc.services.GenericEndpoint notify
AVVERTENZA: Unsupported notification method: metals/windowStateDidChange
feb 13, 2025 3:25:56 PM org.eclipse.lsp4j.jsonrpc.services.GenericEndpoint notify
AVVERTENZA: Unsupported notification method: metals/windowStateDidChange
feb 13, 2025 3:26:06 PM org.eclipse.lsp4j.jsonrpc.services.GenericEndpoint notify
AVVERTENZA: Unsupported notification method: metals/windowStateDidChange
feb 13, 2025 3:26:53 PM org.eclipse.lsp4j.jsonrpc.services.GenericEndpoint notify
AVVERTENZA: Unsupported notification method: metals/windowStateDidChange
feb 13, 2025 3:28:15 PM org.eclipse.lsp4j.jsonrpc.services.GenericEndpoint notify
AVVERTENZA: Unsupported notification method: metals/windowStateDidChange
feb 13, 2025 3:28:17 PM org.eclipse.lsp4j.jsonrpc.services.GenericEndpoint notify
AVVERTENZA: Unsupported notification method: metals/windowStateDidChange
feb 13, 2025 3:28:47 PM org.eclipse.lsp4j.jsonrpc.services.GenericEndpoint notify
AVVERTENZA: Unsupported notification method: metals/windowStateDidChange
feb 13, 2025 3:29:27 PM org.eclipse.lsp4j.jsonrpc.services.GenericEndpoint notify
AVVERTENZA: Unsupported notification method: metals/windowStateDidChange
feb 13, 2025 4:17:56 PM org.eclipse.lsp4j.jsonrpc.services.GenericEndpoint notify
AVVERTENZA: Unsupported notification method: metals/windowStateDidChange
feb 13, 2025 4:18:00 PM org.eclipse.lsp4j.jsonrpc.services.GenericEndpoint notify
AVVERTENZA: Unsupported notification method: metals/windowStateDidChange
2025.02.13 16:18:50 INFO  Shutting down server
2025.02.13 16:18:50 INFO  shutting down Metals
2025.02.13 16:18:50 INFO  Exiting server
2025.02.14 09:49:49 INFO  Started: Metals version 1.5.1 in folders '/home/nicolas/Documents/experiments/2024/experiment-2024-pulverization-prolog-placer' for client Visual Studio Code 1.97.1.
feb 14, 2025 9:49:49 AM org.eclipse.lsp4j.jsonrpc.services.GenericEndpoint notify
INFORMAZIONI: Unsupported notification method: $/setTrace
feb 14, 2025 9:50:09 AM org.eclipse.lsp4j.jsonrpc.services.GenericEndpoint notify
AVVERTENZA: Unsupported notification method: metals/windowStateDidChange
feb 14, 2025 9:50:56 AM org.eclipse.lsp4j.jsonrpc.services.GenericEndpoint notify
AVVERTENZA: Unsupported notification method: metals/windowStateDidChange
feb 14, 2025 9:51:52 AM org.eclipse.lsp4j.jsonrpc.services.GenericEndpoint notify
AVVERTENZA: Unsupported notification method: metals/windowStateDidChange
feb 14, 2025 9:51:54 AM org.eclipse.lsp4j.jsonrpc.services.GenericEndpoint notify
AVVERTENZA: Unsupported notification method: metals/windowStateDidChange
feb 14, 2025 9:52:27 AM org.eclipse.lsp4j.jsonrpc.services.GenericEndpoint notify
AVVERTENZA: Unsupported notification method: metals/windowStateDidChange
feb 14, 2025 9:53:04 AM org.eclipse.lsp4j.jsonrpc.services.GenericEndpoint notify
AVVERTENZA: Unsupported notification method: metals/windowStateDidChange
feb 14, 2025 9:55:00 AM org.eclipse.lsp4j.jsonrpc.services.GenericEndpoint notify
AVVERTENZA: Unsupported notification method: metals/windowStateDidChange
feb 14, 2025 9:55:03 AM org.eclipse.lsp4j.jsonrpc.services.GenericEndpoint notify
AVVERTENZA: Unsupported notification method: metals/windowStateDidChange
feb 14, 2025 9:56:00 AM org.eclipse.lsp4j.jsonrpc.services.GenericEndpoint notify
AVVERTENZA: Unsupported notification method: metals/windowStateDidChange
feb 14, 2025 9:56:27 AM org.eclipse.lsp4j.jsonrpc.services.GenericEndpoint notify
AVVERTENZA: Unsupported notification method: metals/windowStateDidChange
feb 14, 2025 9:56:37 AM org.eclipse.lsp4j.jsonrpc.services.GenericEndpoint notify
AVVERTENZA: Unsupported notification method: metals/windowStateDidChange
feb 14, 2025 9:57:13 AM org.eclipse.lsp4j.jsonrpc.services.GenericEndpoint notify
AVVERTENZA: Unsupported notification method: metals/windowStateDidChange
feb 14, 2025 9:57:23 AM org.eclipse.lsp4j.jsonrpc.services.GenericEndpoint notify
AVVERTENZA: Unsupported notification method: metals/windowStateDidChange
feb 14, 2025 9:57:23 AM org.eclipse.lsp4j.jsonrpc.services.GenericEndpoint notify
AVVERTENZA: Unsupported notification method: metals/windowStateDidChange
feb 14, 2025 9:57:42 AM org.eclipse.lsp4j.jsonrpc.services.GenericEndpoint notify
AVVERTENZA: Unsupported notification method: metals/windowStateDidChange
feb 14, 2025 9:58:30 AM org.eclipse.lsp4j.jsonrpc.services.GenericEndpoint notify
AVVERTENZA: Unsupported notification method: metals/windowStateDidChange
feb 14, 2025 9:58:33 AM org.eclipse.lsp4j.jsonrpc.services.GenericEndpoint notify
AVVERTENZA: Unsupported notification method: metals/windowStateDidChange
feb 14, 2025 9:58:36 AM org.eclipse.lsp4j.jsonrpc.services.GenericEndpoint notify
AVVERTENZA: Unsupported notification method: metals/windowStateDidChange
feb 14, 2025 10:00:09 AM org.eclipse.lsp4j.jsonrpc.services.GenericEndpoint notify
AVVERTENZA: Unsupported notification method: metals/windowStateDidChange
feb 14, 2025 10:00:11 AM org.eclipse.lsp4j.jsonrpc.services.GenericEndpoint notify
AVVERTENZA: Unsupported notification method: metals/windowStateDidChange
feb 14, 2025 10:00:20 AM org.eclipse.lsp4j.jsonrpc.services.GenericEndpoint notify
AVVERTENZA: Unsupported notification method: metals/windowStateDidChange
feb 14, 2025 10:01:21 AM org.eclipse.lsp4j.jsonrpc.services.GenericEndpoint notify
AVVERTENZA: Unsupported notification method: metals/windowStateDidChange
feb 14, 2025 10:01:21 AM org.eclipse.lsp4j.jsonrpc.services.GenericEndpoint notify
AVVERTENZA: Unsupported notification method: metals/windowStateDidChange
feb 14, 2025 10:01:21 AM org.eclipse.lsp4j.jsonrpc.services.GenericEndpoint notify
AVVERTENZA: Unsupported notification method: metals/windowStateDidChange
feb 14, 2025 10:02:20 AM org.eclipse.lsp4j.jsonrpc.services.GenericEndpoint notify
AVVERTENZA: Unsupported notification method: metals/windowStateDidChange
feb 14, 2025 10:03:01 AM org.eclipse.lsp4j.jsonrpc.services.GenericEndpoint notify
AVVERTENZA: Unsupported notification method: metals/windowStateDidChange
feb 14, 2025 10:03:18 AM org.eclipse.lsp4j.jsonrpc.services.GenericEndpoint notify
AVVERTENZA: Unsupported notification method: metals/windowStateDidChange
feb 14, 2025 10:03:19 AM org.eclipse.lsp4j.jsonrpc.services.GenericEndpoint notify
AVVERTENZA: Unsupported notification method: metals/windowStateDidChange
feb 14, 2025 10:03:19 AM org.eclipse.lsp4j.jsonrpc.services.GenericEndpoint notify
AVVERTENZA: Unsupported notification method: metals/windowStateDidChange
feb 14, 2025 10:04:03 AM org.eclipse.lsp4j.jsonrpc.services.GenericEndpoint notify
AVVERTENZA: Unsupported notification method: metals/windowStateDidChange
feb 14, 2025 10:04:29 AM org.eclipse.lsp4j.jsonrpc.services.GenericEndpoint notify
AVVERTENZA: Unsupported notification method: metals/windowStateDidChange
feb 14, 2025 10:04:49 AM org.eclipse.lsp4j.jsonrpc.services.GenericEndpoint notify
AVVERTENZA: Unsupported notification method: metals/windowStateDidChange
feb 14, 2025 10:04:51 AM org.eclipse.lsp4j.jsonrpc.services.GenericEndpoint notify
AVVERTENZA: Unsupported notification method: metals/windowStateDidChange
feb 14, 2025 10:05:17 AM org.eclipse.lsp4j.jsonrpc.services.GenericEndpoint notify
AVVERTENZA: Unsupported notification method: metals/windowStateDidChange
feb 14, 2025 10:05:46 AM org.eclipse.lsp4j.jsonrpc.services.GenericEndpoint notify
AVVERTENZA: Unsupported notification method: metals/windowStateDidChange
feb 14, 2025 10:06:30 AM org.eclipse.lsp4j.jsonrpc.services.GenericEndpoint notify
AVVERTENZA: Unsupported notification method: metals/windowStateDidChange
feb 14, 2025 10:06:42 AM org.eclipse.lsp4j.jsonrpc.services.GenericEndpoint notify
AVVERTENZA: Unsupported notification method: metals/windowStateDidChange
feb 14, 2025 10:06:42 AM org.eclipse.lsp4j.jsonrpc.services.GenericEndpoint notify
AVVERTENZA: Unsupported notification method: metals/windowStateDidChange
feb 14, 2025 10:07:14 AM org.eclipse.lsp4j.jsonrpc.services.GenericEndpoint notify
AVVERTENZA: Unsupported notification method: metals/windowStateDidChange
feb 14, 2025 10:07:52 AM org.eclipse.lsp4j.jsonrpc.services.GenericEndpoint notify
AVVERTENZA: Unsupported notification method: metals/windowStateDidChange
feb 14, 2025 10:08:27 AM org.eclipse.lsp4j.jsonrpc.services.GenericEndpoint notify
AVVERTENZA: Unsupported notification method: metals/windowStateDidChange
feb 14, 2025 10:08:43 AM org.eclipse.lsp4j.jsonrpc.services.GenericEndpoint notify
AVVERTENZA: Unsupported notification method: metals/windowStateDidChange
feb 14, 2025 10:08:43 AM org.eclipse.lsp4j.jsonrpc.services.GenericEndpoint notify
AVVERTENZA: Unsupported notification method: metals/windowStateDidChange
feb 14, 2025 10:08:45 AM org.eclipse.lsp4j.jsonrpc.services.GenericEndpoint notify
AVVERTENZA: Unsupported notification method: metals/windowStateDidChange
feb 14, 2025 10:08:45 AM org.eclipse.lsp4j.jsonrpc.services.GenericEndpoint notify
AVVERTENZA: Unsupported notification method: metals/windowStateDidChange
feb 14, 2025 10:09:01 AM org.eclipse.lsp4j.jsonrpc.services.GenericEndpoint notify
AVVERTENZA: Unsupported notification method: metals/windowStateDidChange
feb 14, 2025 10:09:54 AM org.eclipse.lsp4j.jsonrpc.services.GenericEndpoint notify
AVVERTENZA: Unsupported notification method: metals/windowStateDidChange
feb 14, 2025 10:09:55 AM org.eclipse.lsp4j.jsonrpc.services.GenericEndpoint notify
AVVERTENZA: Unsupported notification method: metals/windowStateDidChange
feb 14, 2025 10:09:56 AM org.eclipse.lsp4j.jsonrpc.services.GenericEndpoint notify
AVVERTENZA: Unsupported notification method: metals/windowStateDidChange
feb 14, 2025 10:10:03 AM org.eclipse.lsp4j.jsonrpc.services.GenericEndpoint notify
AVVERTENZA: Unsupported notification method: metals/windowStateDidChange
feb 14, 2025 10:10:23 AM org.eclipse.lsp4j.jsonrpc.services.GenericEndpoint notify
AVVERTENZA: Unsupported notification method: metals/windowStateDidChange
feb 14, 2025 10:10:37 AM org.eclipse.lsp4j.jsonrpc.services.GenericEndpoint notify
AVVERTENZA: Unsupported notification method: metals/windowStateDidChange
feb 14, 2025 10:11:12 AM org.eclipse.lsp4j.jsonrpc.services.GenericEndpoint notify
AVVERTENZA: Unsupported notification method: metals/windowStateDidChange
feb 14, 2025 10:11:47 AM org.eclipse.lsp4j.jsonrpc.services.GenericEndpoint notify
AVVERTENZA: Unsupported notification method: metals/windowStateDidChange
feb 14, 2025 10:12:00 AM org.eclipse.lsp4j.jsonrpc.services.GenericEndpoint notify
AVVERTENZA: Unsupported notification method: metals/windowStateDidChange
feb 14, 2025 10:12:00 AM org.eclipse.lsp4j.jsonrpc.services.GenericEndpoint notify
AVVERTENZA: Unsupported notification method: metals/windowStateDidChange
feb 14, 2025 10:15:02 AM org.eclipse.lsp4j.jsonrpc.services.GenericEndpoint notify
AVVERTENZA: Unsupported notification method: metals/windowStateDidChange
feb 14, 2025 10:15:23 AM org.eclipse.lsp4j.jsonrpc.services.GenericEndpoint notify
AVVERTENZA: Unsupported notification method: metals/windowStateDidChange
feb 14, 2025 10:16:07 AM org.eclipse.lsp4j.jsonrpc.services.GenericEndpoint notify
AVVERTENZA: Unsupported notification method: metals/windowStateDidChange
feb 14, 2025 10:16:55 AM org.eclipse.lsp4j.jsonrpc.services.GenericEndpoint notify
AVVERTENZA: Unsupported notification method: metals/windowStateDidChange
feb 14, 2025 10:19:12 AM org.eclipse.lsp4j.jsonrpc.services.GenericEndpoint notify
AVVERTENZA: Unsupported notification method: metals/windowStateDidChange
feb 14, 2025 10:19:40 AM org.eclipse.lsp4j.jsonrpc.services.GenericEndpoint notify
AVVERTENZA: Unsupported notification method: metals/windowStateDidChange
feb 14, 2025 10:19:57 AM org.eclipse.lsp4j.jsonrpc.services.GenericEndpoint notify
AVVERTENZA: Unsupported notification method: metals/windowStateDidChange
feb 14, 2025 10:19:57 AM org.eclipse.lsp4j.jsonrpc.services.GenericEndpoint notify
AVVERTENZA: Unsupported notification method: metals/windowStateDidChange
feb 14, 2025 10:20:03 AM org.eclipse.lsp4j.jsonrpc.services.GenericEndpoint notify
AVVERTENZA: Unsupported notification method: metals/windowStateDidChange
feb 14, 2025 10:20:53 AM org.eclipse.lsp4j.jsonrpc.services.GenericEndpoint notify
AVVERTENZA: Unsupported notification method: metals/windowStateDidChange
feb 14, 2025 10:24:00 AM org.eclipse.lsp4j.jsonrpc.services.GenericEndpoint notify
AVVERTENZA: Unsupported notification method: metals/windowStateDidChange
feb 14, 2025 10:24:46 AM org.eclipse.lsp4j.jsonrpc.services.GenericEndpoint notify
AVVERTENZA: Unsupported notification method: metals/windowStateDidChange
feb 14, 2025 10:26:07 AM org.eclipse.lsp4j.jsonrpc.services.GenericEndpoint notify
AVVERTENZA: Unsupported notification method: metals/windowStateDidChange
feb 14, 2025 10:26:20 AM org.eclipse.lsp4j.jsonrpc.services.GenericEndpoint notify
AVVERTENZA: Unsupported notification method: metals/windowStateDidChange
feb 14, 2025 10:26:44 AM org.eclipse.lsp4j.jsonrpc.services.GenericEndpoint notify
AVVERTENZA: Unsupported notification method: metals/windowStateDidChange
feb 14, 2025 10:27:30 AM org.eclipse.lsp4j.jsonrpc.services.GenericEndpoint notify
AVVERTENZA: Unsupported notification method: metals/windowStateDidChange
feb 14, 2025 10:27:50 AM org.eclipse.lsp4j.jsonrpc.services.GenericEndpoint notify
AVVERTENZA: Unsupported notification method: metals/windowStateDidChange
feb 14, 2025 10:27:50 AM org.eclipse.lsp4j.jsonrpc.services.GenericEndpoint notify
AVVERTENZA: Unsupported notification method: metals/windowStateDidChange
feb 14, 2025 10:27:55 AM org.eclipse.lsp4j.jsonrpc.services.GenericEndpoint notify
AVVERTENZA: Unsupported notification method: metals/windowStateDidChange
feb 14, 2025 10:28:34 AM org.eclipse.lsp4j.jsonrpc.services.GenericEndpoint notify
AVVERTENZA: Unsupported notification method: metals/windowStateDidChange
feb 14, 2025 10:29:30 AM org.eclipse.lsp4j.jsonrpc.services.GenericEndpoint notify
AVVERTENZA: Unsupported notification method: metals/windowStateDidChange
feb 14, 2025 10:29:37 AM org.eclipse.lsp4j.jsonrpc.services.GenericEndpoint notify
AVVERTENZA: Unsupported notification method: metals/windowStateDidChange
feb 14, 2025 10:30:32 AM org.eclipse.lsp4j.jsonrpc.services.GenericEndpoint notify
AVVERTENZA: Unsupported notification method: metals/windowStateDidChange
feb 14, 2025 10:31:14 AM org.eclipse.lsp4j.jsonrpc.services.GenericEndpoint notify
AVVERTENZA: Unsupported notification method: metals/windowStateDidChange
feb 14, 2025 10:31:19 AM org.eclipse.lsp4j.jsonrpc.services.GenericEndpoint notify
AVVERTENZA: Unsupported notification method: metals/windowStateDidChange
feb 14, 2025 10:31:42 AM org.eclipse.lsp4j.jsonrpc.services.GenericEndpoint notify
AVVERTENZA: Unsupported notification method: metals/windowStateDidChange
feb 14, 2025 10:32:06 AM org.eclipse.lsp4j.jsonrpc.services.GenericEndpoint notify
AVVERTENZA: Unsupported notification method: metals/windowStateDidChange
feb 14, 2025 10:32:43 AM org.eclipse.lsp4j.jsonrpc.services.GenericEndpoint notify
AVVERTENZA: Unsupported notification method: metals/windowStateDidChange
feb 14, 2025 10:33:02 AM org.eclipse.lsp4j.jsonrpc.services.GenericEndpoint notify
AVVERTENZA: Unsupported notification method: metals/windowStateDidChange
feb 14, 2025 10:33:05 AM org.eclipse.lsp4j.jsonrpc.services.GenericEndpoint notify
AVVERTENZA: Unsupported notification method: metals/windowStateDidChange
feb 14, 2025 10:33:45 AM org.eclipse.lsp4j.jsonrpc.services.GenericEndpoint notify
AVVERTENZA: Unsupported notification method: metals/windowStateDidChange
feb 14, 2025 10:34:24 AM org.eclipse.lsp4j.jsonrpc.services.GenericEndpoint notify
AVVERTENZA: Unsupported notification method: metals/windowStateDidChange
feb 14, 2025 10:36:12 AM org.eclipse.lsp4j.jsonrpc.services.GenericEndpoint notify
AVVERTENZA: Unsupported notification method: metals/windowStateDidChange
feb 14, 2025 10:36:12 AM org.eclipse.lsp4j.jsonrpc.services.GenericEndpoint notify
AVVERTENZA: Unsupported notification method: metals/windowStateDidChange
feb 14, 2025 10:36:21 AM org.eclipse.lsp4j.jsonrpc.services.GenericEndpoint notify
AVVERTENZA: Unsupported notification method: metals/windowStateDidChange
feb 14, 2025 10:37:00 AM org.eclipse.lsp4j.jsonrpc.services.GenericEndpoint notify
AVVERTENZA: Unsupported notification method: metals/windowStateDidChange
feb 14, 2025 10:37:03 AM org.eclipse.lsp4j.jsonrpc.services.GenericEndpoint notify
AVVERTENZA: Unsupported notification method: metals/windowStateDidChange
feb 14, 2025 10:37:08 AM org.eclipse.lsp4j.jsonrpc.services.GenericEndpoint notify
AVVERTENZA: Unsupported notification method: metals/windowStateDidChange
feb 14, 2025 10:37:24 AM org.eclipse.lsp4j.jsonrpc.services.GenericEndpoint notify
AVVERTENZA: Unsupported notification method: metals/windowStateDidChange
feb 14, 2025 10:37:34 AM org.eclipse.lsp4j.jsonrpc.services.GenericEndpoint notify
AVVERTENZA: Unsupported notification method: metals/windowStateDidChange
feb 14, 2025 10:37:44 AM org.eclipse.lsp4j.jsonrpc.services.GenericEndpoint notify
AVVERTENZA: Unsupported notification method: metals/windowStateDidChange
feb 14, 2025 10:38:10 AM org.eclipse.lsp4j.jsonrpc.services.GenericEndpoint notify
AVVERTENZA: Unsupported notification method: metals/windowStateDidChange
feb 14, 2025 10:38:24 AM org.eclipse.lsp4j.jsonrpc.services.GenericEndpoint notify
AVVERTENZA: Unsupported notification method: metals/windowStateDidChange
feb 14, 2025 10:38:29 AM org.eclipse.lsp4j.jsonrpc.services.GenericEndpoint notify
AVVERTENZA: Unsupported notification method: metals/windowStateDidChange
feb 14, 2025 10:39:50 AM org.eclipse.lsp4j.jsonrpc.services.GenericEndpoint notify
AVVERTENZA: Unsupported notification method: metals/windowStateDidChange
feb 14, 2025 10:40:20 AM org.eclipse.lsp4j.jsonrpc.services.GenericEndpoint notify
AVVERTENZA: Unsupported notification method: metals/windowStateDidChange
feb 14, 2025 10:40:35 AM org.eclipse.lsp4j.jsonrpc.services.GenericEndpoint notify
AVVERTENZA: Unsupported notification method: metals/windowStateDidChange
feb 14, 2025 10:40:50 AM org.eclipse.lsp4j.jsonrpc.services.GenericEndpoint notify
AVVERTENZA: Unsupported notification method: metals/windowStateDidChange
feb 14, 2025 10:41:18 AM org.eclipse.lsp4j.jsonrpc.services.GenericEndpoint notify
AVVERTENZA: Unsupported notification method: metals/windowStateDidChange
feb 14, 2025 10:41:33 AM org.eclipse.lsp4j.jsonrpc.services.GenericEndpoint notify
AVVERTENZA: Unsupported notification method: metals/windowStateDidChange
feb 14, 2025 10:44:27 AM org.eclipse.lsp4j.jsonrpc.services.GenericEndpoint notify
AVVERTENZA: Unsupported notification method: metals/windowStateDidChange
feb 14, 2025 10:44:51 AM org.eclipse.lsp4j.jsonrpc.services.GenericEndpoint notify
AVVERTENZA: Unsupported notification method: metals/windowStateDidChange
feb 14, 2025 10:45:04 AM org.eclipse.lsp4j.jsonrpc.services.GenericEndpoint notify
AVVERTENZA: Unsupported notification method: metals/windowStateDidChange
feb 14, 2025 10:45:42 AM org.eclipse.lsp4j.jsonrpc.services.GenericEndpoint notify
AVVERTENZA: Unsupported notification method: metals/windowStateDidChange
feb 14, 2025 10:46:01 AM org.eclipse.lsp4j.jsonrpc.services.GenericEndpoint notify
AVVERTENZA: Unsupported notification method: metals/windowStateDidChange
feb 14, 2025 10:46:50 AM org.eclipse.lsp4j.jsonrpc.services.GenericEndpoint notify
AVVERTENZA: Unsupported notification method: metals/windowStateDidChange
feb 14, 2025 10:47:09 AM org.eclipse.lsp4j.jsonrpc.services.GenericEndpoint notify
AVVERTENZA: Unsupported notification method: metals/windowStateDidChange
feb 14, 2025 10:47:34 AM org.eclipse.lsp4j.jsonrpc.services.GenericEndpoint notify
AVVERTENZA: Unsupported notification method: metals/windowStateDidChange
feb 14, 2025 10:48:32 AM org.eclipse.lsp4j.jsonrpc.services.GenericEndpoint notify
AVVERTENZA: Unsupported notification method: metals/windowStateDidChange
feb 14, 2025 10:48:46 AM org.eclipse.lsp4j.jsonrpc.services.GenericEndpoint notify
AVVERTENZA: Unsupported notification method: metals/windowStateDidChange
feb 14, 2025 10:49:07 AM org.eclipse.lsp4j.jsonrpc.services.GenericEndpoint notify
AVVERTENZA: Unsupported notification method: metals/windowStateDidChange
feb 14, 2025 10:49:42 AM org.eclipse.lsp4j.jsonrpc.services.GenericEndpoint notify
AVVERTENZA: Unsupported notification method: metals/windowStateDidChange
feb 14, 2025 10:50:17 AM org.eclipse.lsp4j.jsonrpc.services.GenericEndpoint notify
AVVERTENZA: Unsupported notification method: metals/windowStateDidChange
feb 14, 2025 10:50:50 AM org.eclipse.lsp4j.jsonrpc.services.GenericEndpoint notify
AVVERTENZA: Unsupported notification method: metals/windowStateDidChange
feb 14, 2025 10:51:01 AM org.eclipse.lsp4j.jsonrpc.services.GenericEndpoint notify
AVVERTENZA: Unsupported notification method: metals/windowStateDidChange
feb 14, 2025 10:51:37 AM org.eclipse.lsp4j.jsonrpc.services.GenericEndpoint notify
AVVERTENZA: Unsupported notification method: metals/windowStateDidChange
feb 14, 2025 10:52:02 AM org.eclipse.lsp4j.jsonrpc.services.GenericEndpoint notify
AVVERTENZA: Unsupported notification method: metals/windowStateDidChange
feb 14, 2025 10:52:31 AM org.eclipse.lsp4j.jsonrpc.services.GenericEndpoint notify
AVVERTENZA: Unsupported notification method: metals/windowStateDidChange
feb 14, 2025 10:52:33 AM org.eclipse.lsp4j.jsonrpc.services.GenericEndpoint notify
AVVERTENZA: Unsupported notification method: metals/windowStateDidChange
feb 14, 2025 10:52:35 AM org.eclipse.lsp4j.jsonrpc.services.GenericEndpoint notify
AVVERTENZA: Unsupported notification method: metals/windowStateDidChange
feb 14, 2025 10:54:03 AM org.eclipse.lsp4j.jsonrpc.services.GenericEndpoint notify
AVVERTENZA: Unsupported notification method: metals/windowStateDidChange
feb 14, 2025 10:54:38 AM org.eclipse.lsp4j.jsonrpc.services.GenericEndpoint notify
AVVERTENZA: Unsupported notification method: metals/windowStateDidChange
feb 14, 2025 10:55:20 AM org.eclipse.lsp4j.jsonrpc.services.GenericEndpoint notify
AVVERTENZA: Unsupported notification method: metals/windowStateDidChange
feb 14, 2025 10:55:52 AM org.eclipse.lsp4j.jsonrpc.services.GenericEndpoint notify
AVVERTENZA: Unsupported notification method: metals/windowStateDidChange
feb 14, 2025 10:56:21 AM org.eclipse.lsp4j.jsonrpc.services.GenericEndpoint notify
AVVERTENZA: Unsupported notification method: metals/windowStateDidChange
feb 14, 2025 10:56:23 AM org.eclipse.lsp4j.jsonrpc.services.GenericEndpoint notify
AVVERTENZA: Unsupported notification method: metals/windowStateDidChange
feb 14, 2025 10:57:16 AM org.eclipse.lsp4j.jsonrpc.services.GenericEndpoint notify
AVVERTENZA: Unsupported notification method: metals/windowStateDidChange
feb 14, 2025 10:57:20 AM org.eclipse.lsp4j.jsonrpc.services.GenericEndpoint notify
AVVERTENZA: Unsupported notification method: metals/windowStateDidChange
feb 14, 2025 10:58:03 AM org.eclipse.lsp4j.jsonrpc.services.GenericEndpoint notify
AVVERTENZA: Unsupported notification method: metals/windowStateDidChange
feb 14, 2025 10:58:06 AM org.eclipse.lsp4j.jsonrpc.services.GenericEndpoint notify
AVVERTENZA: Unsupported notification method: metals/windowStateDidChange
feb 14, 2025 11:17:45 AM org.eclipse.lsp4j.jsonrpc.services.GenericEndpoint notify
AVVERTENZA: Unsupported notification method: metals/windowStateDidChange
feb 14, 2025 11:18:08 AM org.eclipse.lsp4j.jsonrpc.services.GenericEndpoint notify
AVVERTENZA: Unsupported notification method: metals/windowStateDidChange
feb 14, 2025 11:19:14 AM org.eclipse.lsp4j.jsonrpc.services.GenericEndpoint notify
AVVERTENZA: Unsupported notification method: metals/windowStateDidChange
feb 14, 2025 11:19:15 AM org.eclipse.lsp4j.jsonrpc.services.GenericEndpoint notify
AVVERTENZA: Unsupported notification method: metals/windowStateDidChange
feb 14, 2025 11:20:29 AM org.eclipse.lsp4j.jsonrpc.services.GenericEndpoint notify
AVVERTENZA: Unsupported notification method: metals/windowStateDidChange
feb 14, 2025 11:20:55 AM org.eclipse.lsp4j.jsonrpc.services.GenericEndpoint notify
AVVERTENZA: Unsupported notification method: metals/windowStateDidChange
feb 14, 2025 11:20:56 AM org.eclipse.lsp4j.jsonrpc.services.GenericEndpoint notify
AVVERTENZA: Unsupported notification method: metals/windowStateDidChange
feb 14, 2025 11:21:05 AM org.eclipse.lsp4j.jsonrpc.services.GenericEndpoint notify
AVVERTENZA: Unsupported notification method: metals/windowStateDidChange
feb 14, 2025 11:21:38 AM org.eclipse.lsp4j.jsonrpc.services.GenericEndpoint notify
AVVERTENZA: Unsupported notification method: metals/windowStateDidChange
feb 14, 2025 11:22:22 AM org.eclipse.lsp4j.jsonrpc.services.GenericEndpoint notify
AVVERTENZA: Unsupported notification method: metals/windowStateDidChange
feb 14, 2025 11:22:25 AM org.eclipse.lsp4j.jsonrpc.services.GenericEndpoint notify
AVVERTENZA: Unsupported notification method: metals/windowStateDidChange
feb 14, 2025 11:23:15 AM org.eclipse.lsp4j.jsonrpc.services.GenericEndpoint notify
AVVERTENZA: Unsupported notification method: metals/windowStateDidChange
feb 14, 2025 11:23:33 AM org.eclipse.lsp4j.jsonrpc.services.GenericEndpoint notify
AVVERTENZA: Unsupported notification method: metals/windowStateDidChange
feb 14, 2025 11:23:33 AM org.eclipse.lsp4j.jsonrpc.services.GenericEndpoint notify
AVVERTENZA: Unsupported notification method: metals/windowStateDidChange
feb 14, 2025 11:24:43 AM org.eclipse.lsp4j.jsonrpc.services.GenericEndpoint notify
AVVERTENZA: Unsupported notification method: metals/windowStateDidChange
feb 14, 2025 11:25:16 AM org.eclipse.lsp4j.jsonrpc.services.GenericEndpoint notify
AVVERTENZA: Unsupported notification method: metals/windowStateDidChange
feb 14, 2025 11:26:26 AM org.eclipse.lsp4j.jsonrpc.services.GenericEndpoint notify
AVVERTENZA: Unsupported notification method: metals/windowStateDidChange
feb 14, 2025 11:26:54 AM org.eclipse.lsp4j.jsonrpc.services.GenericEndpoint notify
AVVERTENZA: Unsupported notification method: metals/windowStateDidChange
feb 14, 2025 11:28:04 AM org.eclipse.lsp4j.jsonrpc.services.GenericEndpoint notify
AVVERTENZA: Unsupported notification method: metals/windowStateDidChange
feb 14, 2025 11:28:13 AM org.eclipse.lsp4j.jsonrpc.services.GenericEndpoint notify
AVVERTENZA: Unsupported notification method: metals/windowStateDidChange
feb 14, 2025 11:29:05 AM org.eclipse.lsp4j.jsonrpc.services.GenericEndpoint notify
AVVERTENZA: Unsupported notification method: metals/windowStateDidChange
feb 14, 2025 11:29:51 AM org.eclipse.lsp4j.jsonrpc.services.GenericEndpoint notify
AVVERTENZA: Unsupported notification method: metals/windowStateDidChange
feb 14, 2025 11:29:54 AM org.eclipse.lsp4j.jsonrpc.services.GenericEndpoint notify
AVVERTENZA: Unsupported notification method: metals/windowStateDidChange
feb 14, 2025 11:30:34 AM org.eclipse.lsp4j.jsonrpc.services.GenericEndpoint notify
AVVERTENZA: Unsupported notification method: metals/windowStateDidChange
feb 14, 2025 11:37:47 AM org.eclipse.lsp4j.jsonrpc.services.GenericEndpoint notify
AVVERTENZA: Unsupported notification method: metals/windowStateDidChange
feb 14, 2025 11:37:58 AM org.eclipse.lsp4j.jsonrpc.services.GenericEndpoint notify
AVVERTENZA: Unsupported notification method: metals/windowStateDidChange
feb 14, 2025 11:38:09 AM org.eclipse.lsp4j.jsonrpc.services.GenericEndpoint notify
AVVERTENZA: Unsupported notification method: metals/windowStateDidChange
feb 14, 2025 11:38:25 AM org.eclipse.lsp4j.jsonrpc.services.GenericEndpoint notify
AVVERTENZA: Unsupported notification method: metals/windowStateDidChange
feb 14, 2025 11:38:27 AM org.eclipse.lsp4j.jsonrpc.services.GenericEndpoint notify
AVVERTENZA: Unsupported notification method: metals/windowStateDidChange
feb 14, 2025 11:38:52 AM org.eclipse.lsp4j.jsonrpc.services.GenericEndpoint notify
AVVERTENZA: Unsupported notification method: metals/windowStateDidChange
feb 14, 2025 11:38:56 AM org.eclipse.lsp4j.jsonrpc.services.GenericEndpoint notify
AVVERTENZA: Unsupported notification method: metals/windowStateDidChange
feb 14, 2025 11:38:59 AM org.eclipse.lsp4j.jsonrpc.services.GenericEndpoint notify
AVVERTENZA: Unsupported notification method: metals/windowStateDidChange
feb 14, 2025 11:40:07 AM org.eclipse.lsp4j.jsonrpc.services.GenericEndpoint notify
AVVERTENZA: Unsupported notification method: metals/windowStateDidChange
feb 14, 2025 11:40:08 AM org.eclipse.lsp4j.jsonrpc.services.GenericEndpoint notify
AVVERTENZA: Unsupported notification method: metals/windowStateDidChange
feb 14, 2025 11:40:22 AM org.eclipse.lsp4j.jsonrpc.services.GenericEndpoint notify
AVVERTENZA: Unsupported notification method: metals/windowStateDidChange
feb 14, 2025 11:40:39 AM org.eclipse.lsp4j.jsonrpc.services.GenericEndpoint notify
AVVERTENZA: Unsupported notification method: metals/windowStateDidChange
feb 14, 2025 11:41:02 AM org.eclipse.lsp4j.jsonrpc.services.GenericEndpoint notify
AVVERTENZA: Unsupported notification method: metals/windowStateDidChange
feb 14, 2025 11:41:33 AM org.eclipse.lsp4j.jsonrpc.services.GenericEndpoint notify
AVVERTENZA: Unsupported notification method: metals/windowStateDidChange
feb 14, 2025 11:43:13 AM org.eclipse.lsp4j.jsonrpc.services.GenericEndpoint notify
AVVERTENZA: Unsupported notification method: metals/windowStateDidChange
feb 14, 2025 11:44:08 AM org.eclipse.lsp4j.jsonrpc.services.GenericEndpoint notify
AVVERTENZA: Unsupported notification method: metals/windowStateDidChange
feb 14, 2025 11:45:18 AM org.eclipse.lsp4j.jsonrpc.services.GenericEndpoint notify
AVVERTENZA: Unsupported notification method: metals/windowStateDidChange
feb 14, 2025 11:45:54 AM org.eclipse.lsp4j.jsonrpc.services.GenericEndpoint notify
AVVERTENZA: Unsupported notification method: metals/windowStateDidChange
feb 14, 2025 11:47:04 AM org.eclipse.lsp4j.jsonrpc.services.GenericEndpoint notify
AVVERTENZA: Unsupported notification method: metals/windowStateDidChange
feb 14, 2025 11:49:38 AM org.eclipse.lsp4j.jsonrpc.services.GenericEndpoint notify
AVVERTENZA: Unsupported notification method: metals/windowStateDidChange
feb 14, 2025 11:49:58 AM org.eclipse.lsp4j.jsonrpc.services.GenericEndpoint notify
AVVERTENZA: Unsupported notification method: metals/windowStateDidChange
feb 14, 2025 11:50:48 AM org.eclipse.lsp4j.jsonrpc.services.GenericEndpoint notify
AVVERTENZA: Unsupported notification method: metals/windowStateDidChange
feb 14, 2025 11:50:57 AM org.eclipse.lsp4j.jsonrpc.services.GenericEndpoint notify
AVVERTENZA: Unsupported notification method: metals/windowStateDidChange
feb 14, 2025 11:50:57 AM org.eclipse.lsp4j.jsonrpc.services.GenericEndpoint notify
AVVERTENZA: Unsupported notification method: metals/windowStateDidChange
feb 14, 2025 11:51:31 AM org.eclipse.lsp4j.jsonrpc.services.GenericEndpoint notify
AVVERTENZA: Unsupported notification method: metals/windowStateDidChange
feb 14, 2025 11:51:56 AM org.eclipse.lsp4j.jsonrpc.services.GenericEndpoint notify
AVVERTENZA: Unsupported notification method: metals/windowStateDidChange
feb 14, 2025 11:54:39 AM org.eclipse.lsp4j.jsonrpc.services.GenericEndpoint notify
AVVERTENZA: Unsupported notification method: metals/windowStateDidChange
feb 14, 2025 11:55:04 AM org.eclipse.lsp4j.jsonrpc.services.GenericEndpoint notify
AVVERTENZA: Unsupported notification method: metals/windowStateDidChange
feb 14, 2025 11:56:07 AM org.eclipse.lsp4j.jsonrpc.services.GenericEndpoint notify
AVVERTENZA: Unsupported notification method: metals/windowStateDidChange
feb 14, 2025 11:56:16 AM org.eclipse.lsp4j.jsonrpc.services.GenericEndpoint notify
AVVERTENZA: Unsupported notification method: metals/windowStateDidChange
feb 14, 2025 11:57:10 AM org.eclipse.lsp4j.jsonrpc.services.GenericEndpoint notify
AVVERTENZA: Unsupported notification method: metals/windowStateDidChange
feb 14, 2025 11:57:26 AM org.eclipse.lsp4j.jsonrpc.services.GenericEndpoint notify
AVVERTENZA: Unsupported notification method: metals/windowStateDidChange
feb 14, 2025 11:57:34 AM org.eclipse.lsp4j.jsonrpc.services.GenericEndpoint notify
AVVERTENZA: Unsupported notification method: metals/windowStateDidChange
feb 14, 2025 11:57:34 AM org.eclipse.lsp4j.jsonrpc.services.GenericEndpoint notify
AVVERTENZA: Unsupported notification method: metals/windowStateDidChange
feb 14, 2025 11:58:16 AM org.eclipse.lsp4j.jsonrpc.services.GenericEndpoint notify
AVVERTENZA: Unsupported notification method: metals/windowStateDidChange
feb 14, 2025 11:59:14 AM org.eclipse.lsp4j.jsonrpc.services.GenericEndpoint notify
AVVERTENZA: Unsupported notification method: metals/windowStateDidChange
feb 14, 2025 12:02:03 PM org.eclipse.lsp4j.jsonrpc.services.GenericEndpoint notify
AVVERTENZA: Unsupported notification method: metals/windowStateDidChange
feb 14, 2025 12:02:19 PM org.eclipse.lsp4j.jsonrpc.services.GenericEndpoint notify
AVVERTENZA: Unsupported notification method: metals/windowStateDidChange
feb 14, 2025 12:02:58 PM org.eclipse.lsp4j.jsonrpc.services.GenericEndpoint notify
AVVERTENZA: Unsupported notification method: metals/windowStateDidChange
feb 14, 2025 12:03:18 PM org.eclipse.lsp4j.jsonrpc.services.GenericEndpoint notify
AVVERTENZA: Unsupported notification method: metals/windowStateDidChange
feb 14, 2025 12:03:29 PM org.eclipse.lsp4j.jsonrpc.services.GenericEndpoint notify
AVVERTENZA: Unsupported notification method: metals/windowStateDidChange
feb 14, 2025 12:03:45 PM org.eclipse.lsp4j.jsonrpc.services.GenericEndpoint notify
AVVERTENZA: Unsupported notification method: metals/windowStateDidChange
feb 14, 2025 12:04:55 PM org.eclipse.lsp4j.jsonrpc.services.GenericEndpoint notify
AVVERTENZA: Unsupported notification method: metals/windowStateDidChange
feb 14, 2025 12:05:03 PM org.eclipse.lsp4j.jsonrpc.services.GenericEndpoint notify
AVVERTENZA: Unsupported notification method: metals/windowStateDidChange
feb 14, 2025 12:05:28 PM org.eclipse.lsp4j.jsonrpc.services.GenericEndpoint notify
AVVERTENZA: Unsupported notification method: metals/windowStateDidChange
feb 14, 2025 12:05:28 PM org.eclipse.lsp4j.jsonrpc.services.GenericEndpoint notify
AVVERTENZA: Unsupported notification method: metals/windowStateDidChange
feb 14, 2025 12:06:25 PM org.eclipse.lsp4j.jsonrpc.services.GenericEndpoint notify
AVVERTENZA: Unsupported notification method: metals/windowStateDidChange
feb 14, 2025 12:07:07 PM org.eclipse.lsp4j.jsonrpc.services.GenericEndpoint notify
AVVERTENZA: Unsupported notification method: metals/windowStateDidChange
feb 14, 2025 12:07:08 PM org.eclipse.lsp4j.jsonrpc.services.GenericEndpoint notify
AVVERTENZA: Unsupported notification method: metals/windowStateDidChange
feb 14, 2025 12:07:09 PM org.eclipse.lsp4j.jsonrpc.services.GenericEndpoint notify
AVVERTENZA: Unsupported notification method: metals/windowStateDidChange
feb 14, 2025 12:07:12 PM org.eclipse.lsp4j.jsonrpc.services.GenericEndpoint notify
AVVERTENZA: Unsupported notification method: metals/windowStateDidChange
feb 14, 2025 12:08:19 PM org.eclipse.lsp4j.jsonrpc.services.GenericEndpoint notify
AVVERTENZA: Unsupported notification method: metals/windowStateDidChange
feb 14, 2025 12:08:37 PM org.eclipse.lsp4j.jsonrpc.services.GenericEndpoint notify
AVVERTENZA: Unsupported notification method: metals/windowStateDidChange
feb 14, 2025 12:08:38 PM org.eclipse.lsp4j.jsonrpc.services.GenericEndpoint notify
AVVERTENZA: Unsupported notification method: metals/windowStateDidChange
